38390 execve("./server", ["./server", "80"], 0x7ffdabf126a0 /* 57 vars */) = 0
38390 brk(NULL)                         = 0x559f02dae000
38390 arch_prctl(0x3001 /* ARCH_??? */, 0x7ffff80ee4c0) = -1 EINVAL (Invalid argument)
38390 access("/etc/ld.so.preload", R_OK) = -1 ENOENT (No such file or directory)
38390 openat(AT_FDCWD, "/etc/ld.so.cache", O_RDONLY|O_CLOEXEC) = 3
38390 fstat(3, {st_mode=S_IFREG|0644, st_size=63612, ...}) = 0
38390 mmap(NULL, 63612, PROT_READ, MAP_PRIVATE, 3, 0) = 0x7f4fb3bb2000
38390 close(3)                          = 0
38390 openat(AT_FDCWD, "/lib/x86_64-linux-gnu/libpthread.so.0", O_RDONLY|O_CLOEXEC) = 3
38390 read(3, "\177ELF\2\1\1\0\0\0\0\0\0\0\0\0\3\0>\0\1\0\0\0\220\201\0\0\0\0\0\0"..., 832) = 832
38390 pread64(3, "\4\0\0\0\24\0\0\0\3\0\0\0GNU\0\356\265\260U\251\3278\333d\344P\6_\210\230\v"..., 68, 824) = 68
38390 fstat(3, {st_mode=S_IFREG|0755, st_size=157224, ...}) = 0
38390 mmap(NULL, 8192, PROT_READ|PROT_WRITE, MAP_PRIVATE|MAP_ANONYMOUS, -1, 0) = 0x7f4fb3bb0000
38390 pread64(3, "\4\0\0\0\24\0\0\0\3\0\0\0GNU\0\356\265\260U\251\3278\333d\344P\6_\210\230\v"..., 68, 824) = 68
38390 mmap(NULL, 140408, PROT_READ, MAP_PRIVATE|MAP_DENYWRITE, 3, 0) = 0x7f4fb3b8d000
38390 mmap(0x7f4fb3b94000, 69632, PROT_READ|PROT_EXEC, MAP_PRIVATE|MAP_FIXED|MAP_DENYWRITE, 3, 0x7000) = 0x7f4fb3b94000
38390 mmap(0x7f4fb3ba5000, 20480, PROT_READ, MAP_PRIVATE|MAP_FIXED|MAP_DENYWRITE, 3, 0x18000) = 0x7f4fb3ba5000
38390 mmap(0x7f4fb3baa000, 8192, PROT_READ|PROT_WRITE, MAP_PRIVATE|MAP_FIXED|MAP_DENYWRITE, 3, 0x1c000) = 0x7f4fb3baa000
38390 mmap(0x7f4fb3bac000, 13432, PROT_READ|PROT_WRITE, MAP_PRIVATE|MAP_FIXED|MAP_ANONYMOUS, -1, 0) = 0x7f4fb3bac000
38390 close(3)                          = 0
38390 openat(AT_FDCWD, "/lib/x86_64-linux-gnu/librt.so.1", O_RDONLY|O_CLOEXEC) = 3
38390 read(3, "\177ELF\2\1\1\0\0\0\0\0\0\0\0\0\3\0>\0\1\0\0\0 7\0\0\0\0\0\0"..., 832) = 832
38390 fstat(3, {st_mode=S_IFREG|0644, st_size=40040, ...}) = 0
38390 mmap(NULL, 44000, PROT_READ, MAP_PRIVATE|MAP_DENYWRITE, 3, 0) = 0x7f4fb3b82000
38390 mprotect(0x7f4fb3b85000, 24576, PROT_NONE) = 0
38390 mmap(0x7f4fb3b85000, 16384, PROT_READ|PROT_EXEC, MAP_PRIVATE|MAP_FIXED|MAP_DENYWRITE, 3, 0x3000) = 0x7f4fb3b85000
38390 mmap(0x7f4fb3b89000, 4096, PROT_READ, MAP_PRIVATE|MAP_FIXED|MAP_DENYWRITE, 3, 0x7000) = 0x7f4fb3b89000
38390 mmap(0x7f4fb3b8b000, 8192, PROT_READ|PROT_WRITE, MAP_PRIVATE|MAP_FIXED|MAP_DENYWRITE, 3, 0x8000) = 0x7f4fb3b8b000
38390 close(3)                          = 0
38390 openat(AT_FDCWD, "/lib/x86_64-linux-gnu/libstdc++.so.6", O_RDONLY|O_CLOEXEC) = 3
38390 read(3, "\177ELF\2\1\1\3\0\0\0\0\0\0\0\0\3\0>\0\1\0\0\0`\341\t\0\0\0\0\0"..., 832) = 832
38390 fstat(3, {st_mode=S_IFREG|0644, st_size=1956992, ...}) = 0
38390 mmap(NULL, 1972224, PROT_READ, MAP_PRIVATE|MAP_DENYWRITE, 3, 0) = 0x7f4fb39a0000
38390 mprotect(0x7f4fb3a36000, 1290240, PROT_NONE) = 0
38390 mmap(0x7f4fb3a36000, 987136, PROT_READ|PROT_EXEC, MAP_PRIVATE|MAP_FIXED|MAP_DENYWRITE, 3, 0x96000) = 0x7f4fb3a36000
38390 mmap(0x7f4fb3b27000, 299008, PROT_READ, MAP_PRIVATE|MAP_FIXED|MAP_DENYWRITE, 3, 0x187000) = 0x7f4fb3b27000
38390 mmap(0x7f4fb3b71000, 57344, PROT_READ|PROT_WRITE, MAP_PRIVATE|MAP_FIXED|MAP_DENYWRITE, 3, 0x1d0000) = 0x7f4fb3b71000
38390 mmap(0x7f4fb3b7f000, 10240, PROT_READ|PROT_WRITE, MAP_PRIVATE|MAP_FIXED|MAP_ANONYMOUS, -1, 0) = 0x7f4fb3b7f000
38390 close(3)                          = 0
38390 openat(AT_FDCWD, "/lib/x86_64-linux-gnu/libgcc_s.so.1", O_RDONLY|O_CLOEXEC) = 3
38390 read(3, "\177ELF\2\1\1\0\0\0\0\0\0\0\0\0\3\0>\0\1\0\0\0\3405\0\0\0\0\0\0"..., 832) = 832
38390 fstat(3, {st_mode=S_IFREG|0644, st_size=104984, ...}) = 0
38390 mmap(NULL, 107592, PROT_READ, MAP_PRIVATE|MAP_DENYWRITE, 3, 0) = 0x7f4fb3985000
38390 mmap(0x7f4fb3988000, 73728, PROT_READ|PROT_EXEC, MAP_PRIVATE|MAP_FIXED|MAP_DENYWRITE, 3, 0x3000) = 0x7f4fb3988000
38390 mmap(0x7f4fb399a000, 16384, PROT_READ, MAP_PRIVATE|MAP_FIXED|MAP_DENYWRITE, 3, 0x15000) = 0x7f4fb399a000
38390 mmap(0x7f4fb399e000, 8192, PROT_READ|PROT_WRITE, MAP_PRIVATE|MAP_FIXED|MAP_DENYWRITE, 3, 0x18000) = 0x7f4fb399e000
38390 close(3)                          = 0
38390 openat(AT_FDCWD, "/lib/x86_64-linux-gnu/libc.so.6", O_RDONLY|O_CLOEXEC) = 3
38390 read(3, "\177ELF\2\1\1\3\0\0\0\0\0\0\0\0\3\0>\0\1\0\0\0\360q\2\0\0\0\0\0"..., 832) = 832
38390 pread64(3, "\6\0\0\0\4\0\0\0@\0\0\0\0\0\0\0@\0\0\0\0\0\0\0@\0\0\0\0\0\0\0"..., 784, 64) = 784
38390 pread64(3, "\4\0\0\0\20\0\0\0\5\0\0\0GNU\0\2\0\0\300\4\0\0\0\3\0\0\0\0\0\0\0", 32, 848) = 32
38390 pread64(3, "\4\0\0\0\24\0\0\0\3\0\0\0GNU\0\316x.\316\10\320\210\347~\352\334\10o\204\324\210"..., 68, 880) = 68
38390 fstat(3, {st_mode=S_IFREG|0755, st_size=2029224, ...}) = 0
38390 pread64(3, "\6\0\0\0\4\0\0\0@\0\0\0\0\0\0\0@\0\0\0\0\0\0\0@\0\0\0\0\0\0\0"..., 784, 64) = 784
38390 pread64(3, "\4\0\0\0\20\0\0\0\5\0\0\0GNU\0\2\0\0\300\4\0\0\0\3\0\0\0\0\0\0\0", 32, 848) = 32
38390 pread64(3, "\4\0\0\0\24\0\0\0\3\0\0\0GNU\0\316x.\316\10\320\210\347~\352\334\10o\204\324\210"..., 68, 880) = 68
38390 mmap(NULL, 2036952, PROT_READ, MAP_PRIVATE|MAP_DENYWRITE, 3, 0) = 0x7f4fb3793000
38390 mprotect(0x7f4fb37b8000, 1847296, PROT_NONE) = 0
38390 mmap(0x7f4fb37b8000, 1540096, PROT_READ|PROT_EXEC, MAP_PRIVATE|MAP_FIXED|MAP_DENYWRITE, 3, 0x25000) = 0x7f4fb37b8000
38390 mmap(0x7f4fb3930000, 303104, PROT_READ, MAP_PRIVATE|MAP_FIXED|MAP_DENYWRITE, 3, 0x19d000) = 0x7f4fb3930000
38390 mmap(0x7f4fb397b000, 24576, PROT_READ|PROT_WRITE, MAP_PRIVATE|MAP_FIXED|MAP_DENYWRITE, 3, 0x1e7000) = 0x7f4fb397b000
38390 mmap(0x7f4fb3981000, 13528, PROT_READ|PROT_WRITE, MAP_PRIVATE|MAP_FIXED|MAP_ANONYMOUS, -1, 0) = 0x7f4fb3981000
38390 close(3)                          = 0
38390 openat(AT_FDCWD, "/lib/x86_64-linux-gnu/libm.so.6", O_RDONLY|O_CLOEXEC) = 3
38390 read(3, "\177ELF\2\1\1\3\0\0\0\0\0\0\0\0\3\0>\0\1\0\0\0\300\363\0\0\0\0\0\0"..., 832) = 832
38390 fstat(3, {st_mode=S_IFREG|0644, st_size=1369352, ...}) = 0
38390 mmap(NULL, 1368336, PROT_READ, MAP_PRIVATE|MAP_DENYWRITE, 3, 0) = 0x7f4fb3644000
38390 mmap(0x7f4fb3653000, 684032, PROT_READ|PROT_EXEC, MAP_PRIVATE|MAP_FIXED|MAP_DENYWRITE, 3, 0xf000) = 0x7f4fb3653000
38390 mmap(0x7f4fb36fa000, 618496, PROT_READ, MAP_PRIVATE|MAP_FIXED|MAP_DENYWRITE, 3, 0xb6000) = 0x7f4fb36fa000
38390 mmap(0x7f4fb3791000, 8192, PROT_READ|PROT_WRITE, MAP_PRIVATE|MAP_FIXED|MAP_DENYWRITE, 3, 0x14c000) = 0x7f4fb3791000
38390 close(3)                          = 0
38390 mmap(NULL, 8192, PROT_READ|PROT_WRITE, MAP_PRIVATE|MAP_ANONYMOUS, -1, 0) = 0x7f4fb3642000
38390 mmap(NULL, 12288, PROT_READ|PROT_WRITE, MAP_PRIVATE|MAP_ANONYMOUS, -1, 0) = 0x7f4fb363f000
38390 arch_prctl(ARCH_SET_FS, 0x7f4fb363f740) = 0
38390 mprotect(0x7f4fb397b000, 12288, PROT_READ) = 0
38390 mprotect(0x7f4fb3791000, 4096, PROT_READ) = 0
38390 mprotect(0x7f4fb399e000, 4096, PROT_READ) = 0
38390 mprotect(0x7f4fb3b71000, 45056, PROT_READ) = 0
38390 mprotect(0x7f4fb3baa000, 4096, PROT_READ) = 0
38390 mprotect(0x7f4fb3b8b000, 4096, PROT_READ) = 0
38390 mprotect(0x559f01ad0000, 4096, PROT_READ) = 0
38390 mprotect(0x7f4fb3bef000, 4096, PROT_READ) = 0
38390 munmap(0x7f4fb3bb2000, 63612)     = 0
38390 set_tid_address(0x7f4fb363fa10)   = 38390
38390 set_robust_list(0x7f4fb363fa20, 24) = 0
38390 rt_sigaction(SIGRTMIN, {sa_handler=0x7f4fb3b94bf0, sa_mask=[], sa_flags=SA_RESTORER|SA_SIGINFO, sa_restorer=0x7f4fb3ba2420}, NULL, 8) = 0
38390 rt_sigaction(SIGRT_1, {sa_handler=0x7f4fb3b94c90, sa_mask=[], sa_flags=SA_RESTORER|SA_RESTART|SA_SIGINFO, sa_restorer=0x7f4fb3ba2420}, NULL, 8) = 0
38390 rt_sigprocmask(SIG_UNBLOCK, [RTMIN RT_1], NULL, 8) = 0
38390 prlimit64(0, RLIMIT_STACK, NULL, {rlim_cur=8192*1024, rlim_max=RLIM64_INFINITY}) = 0
38390 brk(NULL)                         = 0x559f02dae000
38390 brk(0x559f02dcf000)               = 0x559f02dcf000
38390 futex(0x7f4fb3b7f6bc, FUTEX_WAKE_PRIVATE, 2147483647) = 0
38390 futex(0x7f4fb3b7f6c8, FUTEX_WAKE_PRIVATE, 2147483647) = 0
38390 rt_sigaction(SIGPIPE, {sa_handler=SIG_IGN, sa_mask=[PIPE], sa_flags=SA_RESTORER|SA_RESTART, sa_restorer=0x7f4fb37d9210}, {sa_handler=SIG_DFL, sa_mask=[], sa_flags=0}, 8) = 0
38390 statfs("/dev/shm/", {f_type=TMPFS_MAGIC, f_bsize=4096, f_blocks=503793, f_bfree=498555, f_bavail=498555, f_files=503793, f_ffree=503663, f_fsid={val=[0, 0]}, f_namelen=255, f_frsize=4096, f_flags=ST_VALID|ST_NOSUID|ST_NODEV}) = 0
38390 futex(0x7f4fb3baf390, FUTEX_WAKE_PRIVATE, 2147483647) = 0
38390 unlink("/dev/shm/estSHM")         = 0
38390 openat(AT_FDCWD, "/dev/shm/estSHM", O_RDWR|O_CREAT|O_EXCL|O_NOFOLLOW|O_CLOEXEC, 0600) = 3
38390 ftruncate(3, 488)                 = 0
38390 mmap(NULL, 1024, PROT_READ|PROT_WRITE, MAP_SHARED, 3, 0) = 0x7f4fb3bee000
38390 clone(child_stack=NULL, flags=CLONE_CHILD_CLEARTID|CLONE_CHILD_SETTID|SIGCHLD, child_tidptr=0x7f4fb363fa10) = 38391
38390 openat(AT_FDCWD, "/etc/gai.conf", O_RDONLY|O_CLOEXEC) = 4
38390 fstat(4, {st_mode=S_IFREG|0644, st_size=2584, ...}) = 0
38390 fstat(4, {st_mode=S_IFREG|0644, st_size=2584, ...}) = 0
38390 read(4, "# Configuration for getaddrinfo("..., 4096) = 2584
38390 read(4, "", 4096)                 = 0
38390 close(4)                          = 0
38390 futex(0x7f4fb39822a4, FUTEX_WAKE_PRIVATE, 2147483647) = 0
38390 socket(AF_NETLINK, SOCK_RAW|SOCK_CLOEXEC, NETLINK_ROUTE) = 4
38390 bind(4, {sa_family=AF_NETLINK, nl_pid=0, nl_groups=00000000}, 12) = 0
38390 getsockname(4, {sa_family=AF_NETLINK, nl_pid=38390, nl_groups=00000000}, [12]) = 0
38390 sendto(4, {{len=20, type=RTM_GETADDR, flags=NLM_F_REQUEST|NLM_F_DUMP, seq=1624811805, pid=0}, {ifa_family=AF_UNSPEC, ...}}, 20, 0, {sa_family=AF_NETLINK, nl_pid=0, nl_groups=00000000}, 12) = 20
38390 recvmsg(4, {msg_name={sa_family=AF_NETLINK, nl_pid=0, nl_groups=00000000}, msg_namelen=12, msg_iov=[{iov_base=[{{len=76, type=RTM_NEWADDR, flags=NLM_F_MULTI, seq=1624811805, pid=38390}, {ifa_family=AF_INET, ifa_prefixlen=8, ifa_flags=IFA_F_PERMANENT, ifa_scope=RT_SCOPE_HOST, ifa_index=if_nametoindex("lo")}, [{{nla_len=8, nla_type=IFA_ADDRESS}, inet_addr("127.0.0.1")}, {{nla_len=8, nla_type=IFA_LOCAL}, inet_addr("127.0.0.1")}, {{nla_len=7, nla_type=IFA_LABEL}, "lo"}, {{nla_len=8, nla_type=IFA_FLAGS}, IFA_F_PERMANENT}, {{nla_len=20, nla_type=IFA_CACHEINFO}, {ifa_prefered=4294967295, ifa_valid=4294967295, cstamp=490, tstamp=490}}]}, {{len=88, type=RTM_NEWADDR, flags=NLM_F_MULTI, seq=1624811805, pid=38390}, {ifa_family=AF_INET, ifa_prefixlen=24, ifa_flags=0, ifa_scope=RT_SCOPE_UNIVERSE, ifa_index=if_nametoindex("enp0s3")}, [{{nla_len=8, nla_type=IFA_ADDRESS}, inet_addr("10.0.2.15")}, {{nla_len=8, nla_type=IFA_LOCAL}, inet_addr("10.0.2.15")}, {{nla_len=8, nla_type=IFA_BROADCAST}, inet_addr("10.0.2.255")}, {{nla_len=11, nla_type=IFA_LABEL}, "enp0s3"}, {{nla_len=8, nla_type=IFA_FLAGS}, IFA_F_NOPREFIXROUTE}, {{nla_len=20, nla_type=IFA_CACHEINFO}, {ifa_prefered=84520, ifa_valid=84520, cstamp=4838, tstamp=5368417}}]}, {{len=88, type=RTM_NEWADDR, flags=NLM_F_MULTI, seq=1624811805, pid=38390}, {ifa_family=AF_INET, ifa_prefixlen=24, ifa_flags=IFA_F_PERMANENT, ifa_scope=RT_SCOPE_UNIVERSE, ifa_index=if_nametoindex("enp0s8")}, [{{nla_len=8, nla_type=IFA_ADDRESS}, inet_addr("192.168.178.115")}, {{nla_len=8, nla_type=IFA_LOCAL}, inet_addr("192.168.178.115")}, {{nla_len=8, nla_type=IFA_BROADCAST}, inet_addr("192.168.178.255")}, {{nla_len=11, nla_type=IFA_LABEL}, "enp0s8"}, {{nla_len=8, nla_type=IFA_FLAGS}, IFA_F_PERMANENT|IFA_F_NOPREFIXROUTE}, {{nla_len=20, nla_type=IFA_CACHEINFO}, {ifa_prefered=4294967295, ifa_valid=4294967295, cstamp=4818, tstamp=4899}}]}], iov_len=4096}], msg_iovlen=1, msg_controllen=0, msg_flags=0}, 0) = 252
38390 recvmsg(4, {msg_name={sa_family=AF_NETLINK, nl_pid=0, nl_groups=00000000}, msg_namelen=12, msg_iov=[{iov_base=[{{len=72, type=RTM_NEWADDR, flags=NLM_F_MULTI, seq=1624811805, pid=38390}, {ifa_family=AF_INET6, ifa_prefixlen=128, ifa_flags=IFA_F_PERMANENT, ifa_scope=RT_SCOPE_HOST, ifa_index=if_nametoindex("lo")}, [{{nla_len=20, nla_type=IFA_ADDRESS}, inet_pton(AF_INET6, "::1")}, {{nla_len=20, nla_type=IFA_CACHEINFO}, {ifa_prefered=4294967295, ifa_valid=4294967295, cstamp=490, tstamp=490}}, {{nla_len=8, nla_type=IFA_FLAGS}, IFA_F_PERMANENT}]}, {{len=72, type=RTM_NEWADDR, flags=NLM_F_MULTI, seq=1624811805, pid=38390}, {ifa_family=AF_INET6, ifa_prefixlen=64, ifa_flags=IFA_F_PERMANENT, ifa_scope=RT_SCOPE_LINK, ifa_index=if_nametoindex("enp0s3")}, [{{nla_len=20, nla_type=IFA_ADDRESS}, inet_pton(AF_INET6, "fe80::9cab:ad34:2520:c474")}, {{nla_len=20, nla_type=IFA_CACHEINFO}, {ifa_prefered=4294967295, ifa_valid=4294967295, cstamp=4817, tstamp=4928}}, {{nla_len=8, nla_type=IFA_FLAGS}, IFA_F_PERMANENT|IFA_F_NOPREFIXROUTE}]}, {{len=72, type=RTM_NEWADDR, flags=NLM_F_MULTI, seq=1624811805, pid=38390}, {ifa_family=AF_INET6, ifa_prefixlen=64, ifa_flags=IFA_F_SECONDARY, ifa_scope=RT_SCOPE_UNIVERSE, ifa_index=if_nametoindex("enp0s8")}, [{{nla_len=20, nla_type=IFA_ADDRESS}, inet_pton(AF_INET6, "2a02:908:1995:b320:6a4e:9ace:a409:4c64")}, {{nla_len=20, nla_type=IFA_CACHEINFO}, {ifa_prefered=3568, ifa_valid=7168, cstamp=4986, tstamp=5553266}}, {{nla_len=8, nla_type=IFA_FLAGS}, IFA_F_SECONDARY}]}, {{len=72, type=RTM_NEWADDR, flags=NLM_F_MULTI, seq=1624811805, pid=38390}, {ifa_family=AF_INET6, ifa_prefixlen=64, ifa_flags=0, ifa_scope=RT_SCOPE_UNIVERSE, ifa_index=if_nametoindex("enp0s8")}, [{{nla_len=20, nla_type=IFA_ADDRESS}, inet_pton(AF_INET6, "2a02:908:1995:b320:43be:311f:5e6b:a4bc")}, {{nla_len=20, nla_type=IFA_CACHEINFO}, {ifa_prefered=3568, ifa_valid=7168, cstamp=4986, tstamp=5553266}}, {{nla_len=8, nla_type=IFA_FLAGS}, IFA_F_MANAGETEMPADDR|IFA_F_NOPREFIXROUTE}]}, {{len=72, type=RTM_NEWADDR, flags=NLM_F_MULTI, seq=1624811805, pid=38390}, {ifa_family=AF_INET6, ifa_prefixlen=64, ifa_flags=IFA_F_PERMANENT, ifa_scope=RT_SCOPE_LINK, ifa_index=if_nametoindex("enp0s8")}, [{{nla_len=20, nla_type=IFA_ADDRESS}, inet_pton(AF_INET6, "fe80::a2fc:5b8c:778f:b7b2")}, {{nla_len=20, nla_type=IFA_CACHEINFO}, {ifa_prefered=4294967295, ifa_valid=4294967295, cstamp=4817, tstamp=5553266}}, {{nla_len=8, nla_type=IFA_FLAGS}, IFA_F_PERMANENT|IFA_F_NOPREFIXROUTE}]}], iov_len=4096}], msg_iovlen=1, msg_controllen=0, msg_flags=0}, 0) = 360
38390 recvmsg(4, {msg_name={sa_family=AF_NETLINK, nl_pid=0, nl_groups=00000000}, msg_namelen=12, msg_iov=[{iov_base={{len=20, type=NLMSG_DONE, flags=NLM_F_MULTI, seq=1624811805, pid=38390}, 0}, iov_len=4096}], msg_iovlen=1, msg_controllen=0, msg_flags=0}, 0) = 20
38390 socket(AF_UNIX, SOCK_STREAM|SOCK_CLOEXEC|SOCK_NONBLOCK, 0) = 5
38390 connect(5, {sa_family=AF_UNIX, sun_path="/var/run/nscd/socket"}, 110) = -1 ENOENT (No such file or directory)
38390 close(5)                          = 0
38390 close(4)                          = 0
38390 socket(AF_INET6, SOCK_DGRAM|SOCK_CLOEXEC, IPPROTO_IP) = 4
38390 connect(4, {sa_family=AF_INET6, sin6_port=htons(80), sin6_flowinfo=htonl(0), inet_pton(AF_INET6, "::", &sin6_addr), sin6_scope_id=0}, 28) = 0
38390 getsockname(4, {sa_family=AF_INET6, sin6_port=htons(44817), sin6_flowinfo=htonl(0), inet_pton(AF_INET6, "::1", &sin6_addr), sin6_scope_id=0}, [28]) = 0
38390 connect(4, {sa_family=AF_UNSPEC, sa_data="\0\0\0\0\0\0\0\0\0\0\0\0\0\0"}, 16) = 0
38390 connect(4, {sa_family=AF_INET, sin_port=htons(80), sin_addr=inet_addr("0.0.0.0")}, 16) = 0
38390 getsockname(4, {sa_family=AF_INET6, sin6_port=htons(55595), sin6_flowinfo=htonl(0), inet_pton(AF_INET6, "::ffff:127.0.0.1", &sin6_addr), sin6_scope_id=0}, [28]) = 0
38390 close(4)                          = 0
38390 uname({sysname="Linux", nodename="warhawk-VirtualBox", ...}) = 0
38390 stat("/etc/resolv.conf", {st_mode=S_IFREG|0644, st_size=734, ...}) = 0
38390 openat(AT_FDCWD, "/etc/host.conf", O_RDONLY|O_CLOEXEC) = 4
38390 fstat(4, {st_mode=S_IFREG|0644, st_size=92, ...}) = 0
38390 read(4, "# The \"order\" line is only used "..., 4096) = 92
38390 read(4, "", 4096)                 = 0
38390 close(4)                          = 0
38390 futex(0x7f4fb39834a4, FUTEX_WAKE_PRIVATE, 2147483647) = 0
38390 openat(AT_FDCWD, "/etc/resolv.conf", O_RDONLY|O_CLOEXEC) = 4
38390 fstat(4, {st_mode=S_IFREG|0644, st_size=734, ...}) = 0
38390 read(4, "# This file is managed by man:sy"..., 4096) = 734
38390 read(4, "", 4096)                 = 0
38390 close(4)                          = 0
38390 socket(AF_UNIX, SOCK_STREAM|SOCK_CLOEXEC|SOCK_NONBLOCK, 0) = 4
38390 connect(4, {sa_family=AF_UNIX, sun_path="/var/run/nscd/socket"}, 110) = -1 ENOENT (No such file or directory)
38390 close(4)                          = 0
38390 openat(AT_FDCWD, "/etc/nsswitch.conf", O_RDONLY|O_CLOEXEC) = 4
38390 fstat(4, {st_mode=S_IFREG|0644, st_size=542, ...}) = 0
38390 read(4, "# /etc/nsswitch.conf\n#\n# Example"..., 4096) = 542
38390 read(4, "", 4096)                 = 0
38390 close(4)                          = 0
38390 openat(AT_FDCWD, "/etc/ld.so.cache", O_RDONLY|O_CLOEXEC) = 4
38390 fstat(4, {st_mode=S_IFREG|0644, st_size=63612, ...}) = 0
38390 mmap(NULL, 63612, PROT_READ, MAP_PRIVATE, 4, 0) = 0x7f4fb3bb2000
38390 close(4)                          = 0
38390 openat(AT_FDCWD, "/lib/x86_64-linux-gnu/libnss_files.so.2", O_RDONLY|O_CLOEXEC) = 4
38390 read(4, "\177ELF\2\1\1\0\0\0\0\0\0\0\0\0\3\0>\0\1\0\0\0\3005\0\0\0\0\0\0"..., 832) = 832
38390 fstat(4, {st_mode=S_IFREG|0644, st_size=51832, ...}) = 0
38390 mmap(NULL, 79672, PROT_READ, MAP_PRIVATE|MAP_DENYWRITE, 4, 0) = 0x7f4fb362b000
38390 mmap(0x7f4fb362e000, 28672, PROT_READ|PROT_EXEC, MAP_PRIVATE|MAP_FIXED|MAP_DENYWRITE, 4, 0x3000) = 0x7f4fb362e000
38390 mmap(0x7f4fb3635000, 8192, PROT_READ, MAP_PRIVATE|MAP_FIXED|MAP_DENYWRITE, 4, 0xa000) = 0x7f4fb3635000
38390 mmap(0x7f4fb3637000, 8192, PROT_READ|PROT_WRITE, MAP_PRIVATE|MAP_FIXED|MAP_DENYWRITE, 4, 0xb000) = 0x7f4fb3637000
38390 mmap(0x7f4fb3639000, 22328, PROT_READ|PROT_WRITE, MAP_PRIVATE|MAP_FIXED|MAP_ANONYMOUS, -1, 0) = 0x7f4fb3639000
38390 close(4)                          = 0
38390 mprotect(0x7f4fb3637000, 4096, PROT_READ) = 0
38390 munmap(0x7f4fb3bb2000, 63612)     = 0
38390 openat(AT_FDCWD, "/etc/hosts", O_RDONLY|O_CLOEXEC) = 4
38390 lseek(4, 0, SEEK_CUR)             = 0
38390 fstat(4, {st_mode=S_IFREG|0644, st_size=233, ...}) = 0
38390 read(4, "127.0.0.1\tlocalhost\n127.0.1.1\twa"..., 4096) = 233
38390 lseek(4, 0, SEEK_CUR)             = 233
38390 read(4, "", 4096)                 = 0
38390 close(4)                          = 0
38390 fstat(1, {st_mode=S_IFCHR|0620, st_rdev=makedev(0x88, 0x5), ...}) = 0
38390 write(1, "server connects to host: warhawk"..., 72) = 72
38390 socket(AF_INET, SOCK_STREAM, IPPROTO_TCP) = 4
38390 bind(4, {sa_family=AF_INET, sin_port=htons(80), sin_addr=inet_addr("0.0.0.0")}, 16) = -1 EACCES (Permission denied)
38390 dup(2)                            = 5
38390 fcntl(5, F_GETFL)                 = 0x402 (flags O_RDWR|O_APPEND)
38390 fstat(5, {st_mode=S_IFCHR|0620, st_rdev=makedev(0x88, 0x5), ...}) = 0
38390 write(5, "Could not bind socket: Permissio"..., 41) = 41
38390 close(5)                          = 0
38390 exit_group(1)                     = ?
38390 +++ exited with 1 +++
38391 set_robust_list(0x7f4fb363fa20, 24) = 0
38391 futex(0x7f4fb3bee128, FUTEX_WAIT, 0, NULL) = ? ERESTARTSYS (To be restarted if SA_RESTART is set)
38391 --- SIGINT {si_signo=SIGINT, si_code=SI_KERNEL} ---
38391 +++ killed by SIGINT +++
